{"/home/ubuntu/alam/fhir-works-on-aws-deployment/src/implementationGuides/IGCompiler.ts": {"path":"/home/ubuntu/alam/fhir-works-on-aws-deployment/src/implementationGuides/IGCompiler.ts","statementMap":{"0":{"start":{"line":1,"column":0},"end":{"line":1,"column":96}},"1":{"start":{"line":2,"column":0},"end":{"line":2,"column":24}},"2":{"start":{"line":3,"column":0},"end":{"line":3,"column":24}},"3":{"start":{"line":10,"column":20},"end":{"line":10,"column":44}},"4":{"start":{"line":11,"column":19},"end":{"line":11,"column":42}},"5":{"start":{"line":12,"column":21},"end":{"line":12,"column":46}},"6":{"start":{"line":14,"column":23},"end":{"line":14,"column":41}},"7":{"start":{"line":17,"column":4},"end":{"line":17,"column":59}},"8":{"start":{"line":16,"column":0},"end":{"line":16,"column":7}},"9":{"start":{"line":21,"column":4},"end":{"line":21,"column":55}},"10":{"start":{"line":20,"column":0},"end":{"line":20,"column":7}},"11":{"start":{"line":25,"column":4},"end":{"line":35,"column":11}},"12":{"start":{"line":27,"column":12},"end":{"line":31,"column":14}},"13":{"start":{"line":34,"column":12},"end":{"line":34,"column":64}},"14":{"start":{"line":66,"column":8},"end":{"line":66,"column":69}},"15":{"start":{"line":67,"column":8},"end":{"line":67,"column":71}},"16":{"start":{"line":68,"column":8},"end":{"line":68,"column":31}},"17":{"start":{"line":75,"column":26},"end":{"line":75,"column":68}},"18":{"start":{"line":76,"column":8},"end":{"line":78,"column":null}},"19":{"start":{"line":77,"column":12},"end":{"line":77,"column":67}},"20":{"start":{"line":79,"column":27},"end":{"line":79,"column":52}},"21":{"start":{"line":80,"column":26},"end":{"line":80,"column":28}},"22":{"start":{"line":81,"column":8},"end":{"line":87,"column":null}},"23":{"start":{"line":82,"column":12},"end":{"line":86,"column":null}},"24":{"start":{"line":83,"column":33},"end":{"line":83,"column":75}},"25":{"start":{"line":84,"column":16},"end":{"line":84,"column":53}},"26":{"start":{"line":85,"column":16},"end":{"line":85,"column":57}},"27":{"start":{"line":88,"column":8},"end":{"line":88,"column":25}},"28":{"start":{"line":99,"column":8},"end":{"line":101,"column":null}},"29":{"start":{"line":100,"column":12},"end":{"line":100,"column":57}},"30":{"start":{"line":102,"column":24},"end":{"line":102,"column":57}},"31":{"start":{"line":103,"column":8},"end":{"line":103,"column":43}},"32":{"start":{"line":105,"column":36},"end":{"line":105,"column":38}},"33":{"start":{"line":106,"column":46},"end":{"line":106,"column":48}},"34":{"start":{"line":107,"column":8},"end":{"line":112,"column":null}},"35":{"start":{"line":108,"column":12},"end":{"line":108,"column":98}},"36":{"start":{"line":109,"column":12},"end":{"line":111,"column":14}},"37":{"start":{"line":113,"column":37},"end":{"line":113,"column":96}},"38":{"start":{"line":114,"column":43},"end":{"line":114,"column":113}},"39":{"start":{"line":116,"column":8},"end":{"line":116,"column":116}},"40":{"start":{"line":117,"column":8},"end":{"line":117,"column":120}},"41":{"start":{"line":121,"column":8},"end":{"line":123,"column":null}},"42":{"start":{"line":122,"column":12},"end":{"line":122,"column":24}},"43":{"start":{"line":124,"column":8},"end":{"line":124,"column":36}},"44":{"start":{"line":128,"column":28},"end":{"line":128,"column":71}},"45":{"start":{"line":129,"column":8},"end":{"line":131,"column":null}},"46":{"start":{"line":130,"column":12},"end":{"line":130,"column":68}},"47":{"start":{"line":132,"column":8},"end":{"line":132,"column":47}},"48":{"start":{"line":133,"column":33},"end":{"line":133,"column":60}},"49":{"start":{"line":134,"column":39},"end":{"line":134,"column":41}},"50":{"start":{"line":135,"column":23},"end":{"line":142,"column":10}},"51":{"start":{"line":143,"column":55},"end":{"line":143,"column":79}},"52":{"start":{"line":144,"column":8},"end":{"line":149,"column":null}},"53":{"start":{"line":145,"column":12},"end":{"line":148,"column":null}},"54":{"start":{"line":146,"column":37},"end":{"line":146,"column":68}},"55":{"start":{"line":147,"column":16},"end":{"line":147,"column":40}},"56":{"start":{"line":150,"column":8},"end":{"line":150,"column":22}},"57":{"start":{"line":154,"column":34},"end":{"line":154,"column":36}},"58":{"start":{"line":155,"column":8},"end":{"line":165,"column":null}},"59":{"start":{"line":156,"column":12},"end":{"line":156,"column":57}},"60":{"start":{"line":157,"column":27},"end":{"line":157,"column":59}},"61":{"start":{"line":158,"column":12},"end":{"line":164,"column":null}},"62":{"start":{"line":159,"column":16},"end":{"line":161,"column":18}},"63":{"start":{"line":163,"column":16},"end":{"line":163,"column":37}},"64":{"start":{"line":166,"column":8},"end":{"line":166,"column":23}},"65":{"start":{"line":170,"column":55},"end":{"line":170,"column":57}},"66":{"start":{"line":171,"column":8},"end":{"line":173,"column":null}},"67":{"start":{"line":172,"column":12},"end":{"line":172,"column":55}},"68":{"start":{"line":174,"column":8},"end":{"line":176,"column":null}},"69":{"start":{"line":175,"column":12},"end":{"line":175,"column":47}},"70":{"start":{"line":180,"column":21},"end":{"line":180,"column":48}},"71":{"start":{"line":181,"column":29},"end":{"line":181,"column":39}},"72":{"start":{"line":182,"column":8},"end":{"line":184,"column":null}},"73":{"start":{"line":183,"column":12},"end":{"line":183,"column":58}},"74":{"start":{"line":185,"column":8},"end":{"line":194,"column":null}},"75":{"start":{"line":186,"column":12},"end":{"line":188,"column":null}},"76":{"start":{"line":187,"column":16},"end":{"line":187,"column":101}},"77":{"start":{"line":189,"column":12},"end":{"line":193,"column":null}},"78":{"start":{"line":190,"column":16},"end":{"line":190,"column":39}},"79":{"start":{"line":191,"column":16},"end":{"line":191,"column":47}},"80":{"start":{"line":192,"column":16},"end":{"line":192,"column":30}},"81":{"start":{"line":54,"column":0},"end":{"line":54,"column":13}}},"fnMap":{"0":{"name":"loadJson","decl":{"start":{"line":16,"column":22},"end":{"line":16,"column":30}},"loc":{"start":{"line":16,"column":49},"end":{"line":18,"column":1}}},"1":{"name":"storeJson","decl":{"start":{"line":20,"column":22},"end":{"line":20,"column":31}},"loc":{"start":{"line":20,"column":61},"end":{"line":22,"column":1}}},"2":{"name":"listIgDirs","decl":{"start":{"line":24,"column":15},"end":{"line":24,"column":25}},"loc":{"start":{"line":24,"column":45},"end":{"line":36,"column":1}}},"3":{"name":"(anonymous_4)","decl":{"start":{"line":26,"column":16},"end":{"line":26,"column":17}},"loc":{"start":{"line":26,"column":27},"end":{"line":32,"column":9}}},"4":{"name":"(anonymous_5)","decl":{"start":{"line":33,"column":13},"end":{"line":33,"column":14}},"loc":{"start":{"line":33,"column":24},"end":{"line":35,"column":9}}},"5":{"name":"(anonymous_6)","decl":{"start":{"line":61,"column":4},"end":{"line":61,"column":null}},"loc":{"start":{"line":64,"column":34},"end":{"line":69,"column":5}}},"6":{"name":"(anonymous_7)","decl":{"start":{"line":71,"column":12},"end":{"line":71,"column":17}},"loc":{"start":{"line":73,"column":92},"end":{"line":89,"column":5}}},"7":{"name":"(anonymous_8)","decl":{"start":{"line":98,"column":11},"end":{"line":98,"column":16}},"loc":{"start":{"line":98,"column":66},"end":{"line":118,"column":5}}},"8":{"name":"(anonymous_9)","decl":{"start":{"line":120,"column":12},"end":{"line":120,"column":23}},"loc":{"start":{"line":120,"column":53},"end":{"line":125,"column":5}}},"9":{"name":"(anonymous_10)","decl":{"start":{"line":127,"column":12},"end":{"line":127,"column":17}},"loc":{"start":{"line":127,"column":47},"end":{"line":151,"column":5}}},"10":{"name":"(anonymous_11)","decl":{"start":{"line":153,"column":12},"end":{"line":153,"column":17}},"loc":{"start":{"line":153,"column":49},"end":{"line":167,"column":5}}},"11":{"name":"(anonymous_12)","decl":{"start":{"line":169,"column":12},"end":{"line":169,"column":32}},"loc":{"start":{"line":169,"column":50},"end":{"line":177,"column":5}}},"12":{"name":"(anonymous_13)","decl":{"start":{"line":179,"column":12},"end":{"line":179,"column":22}},"loc":{"start":{"line":179,"column":75},"end":{"line":195,"column":5}}}},"branchMap":{"0":{"loc":{"start":{"line":28,"column":16},"end":{"line":30,"column":103}},"type":"binary-expr","locations":[{"start":{"line":28,"column":16},"end":{"line":28,"column":36}},{"start":{"line":29,"column":17},"end":{"line":29,"column":40}},{"start":{"line":30,"column":20},"end":{"line":30,"column":102}}]},"1":{"loc":{"start":{"line":76,"column":8},"end":{"line":78,"column":null}},"type":"if","locations":[{"start":{"line":76,"column":8},"end":{"line":78,"column":null}}]},"2":{"loc":{"start":{"line":82,"column":12},"end":{"line":86,"column":null}},"type":"if","locations":[{"start":{"line":82,"column":12},"end":{"line":86,"column":null}}]},"3":{"loc":{"start":{"line":99,"column":8},"end":{"line":101,"column":null}},"type":"if","locations":[{"start":{"line":99,"column":8},"end":{"line":101,"column":null}}]},"4":{"loc":{"start":{"line":121,"column":8},"end":{"line":123,"column":null}},"type":"if","locations":[{"start":{"line":121,"column":8},"end":{"line":123,"column":null}}]},"5":{"loc":{"start":{"line":129,"column":8},"end":{"line":131,"column":null}},"type":"if","locations":[{"start":{"line":129,"column":8},"end":{"line":131,"column":null}}]},"6":{"loc":{"start":{"line":144,"column":8},"end":{"line":149,"column":null}},"type":"if","locations":[{"start":{"line":144,"column":8},"end":{"line":149,"column":null}}]},"7":{"loc":{"start":{"line":158,"column":12},"end":{"line":164,"column":null}},"type":"if","locations":[{"start":{"line":158,"column":12},"end":{"line":164,"column":null}},{"start":{"line":162,"column":19},"end":{"line":164,"column":null}}]},"8":{"loc":{"start":{"line":182,"column":8},"end":{"line":184,"column":null}},"type":"if","locations":[{"start":{"line":182,"column":8},"end":{"line":184,"column":null}}]},"9":{"loc":{"start":{"line":186,"column":12},"end":{"line":188,"column":null}},"type":"if","locations":[{"start":{"line":186,"column":12},"end":{"line":188,"column":null}}]},"10":{"loc":{"start":{"line":189,"column":12},"end":{"line":193,"column":null}},"type":"if","locations":[{"start":{"line":189,"column":12},"end":{"line":193,"column":null}}]}},"s":{"0":1,"1":1,"2":1,"3":1,"4":1,"5":1,"6":1,"7":33,"8":1,"9":57,"10":1,"11":3,"12":11,"13":11,"14":3,"15":3,"16":3,"17":8,"18":8,"19":0,"20":8,"21":8,"22":8,"23":32,"24":12,"25":12,"26":12,"27":8,"28":3,"29":0,"30":3,"31":3,"32":1,"33":1,"34":1,"35":4,"36":4,"37":1,"38":1,"39":1,"40":1,"41":27,"42":9,"43":18,"44":11,"45":11,"46":0,"47":11,"48":11,"49":11,"50":11,"51":11,"52":11,"53":11,"54":16,"55":16,"56":11,"57":3,"58":3,"59":11,"60":11,"61":11,"62":1,"63":10,"64":3,"65":3,"66":3,"67":10,"68":3,"69":6,"70":14,"71":14,"72":14,"73":1,"74":13,"75":19,"76":1,"77":18,"78":8,"79":8,"80":4,"81":1},"f":{"0":33,"1":57,"2":3,"3":11,"4":11,"5":3,"6":8,"7":3,"8":27,"9":11,"10":3,"11":3,"12":14},"b":{"0":[11,0,0],"1":[0],"2":[12],"3":[0],"4":[9],"5":[0],"6":[11],"7":[1,10],"8":[1],"9":[1],"10":[8]}}
,"/home/ubuntu/alam/fhir-works-on-aws-deployment/src/subscriptions/reaperLambda/subscriptionReaper.ts": {"path":"/home/ubuntu/alam/fhir-works-on-aws-deployment/src/subscriptions/reaperLambda/subscriptionReaper.ts","statementMap":{"0":{"start":{"line":8,"column":22},"end":{"line":45,"column":1}},"1":{"start":{"line":13,"column":26},"end":{"line":13,"column":68}},"2":{"start":{"line":14,"column":24},"end":{"line":14,"column":34}},"3":{"start":{"line":18,"column":4},"end":{"line":44,"column":6}},"4":{"start":{"line":21,"column":16},"end":{"line":23,"column":null}},"5":{"start":{"line":22,"column":20},"end":{"line":22,"column":33}},"6":{"start":{"line":24,"column":29},"end":{"line":24,"column":44}},"7":{"start":{"line":25,"column":16},"end":{"line":28,"column":null}},"8":{"start":{"line":26,"column":20},"end":{"line":26,"column":119}},"9":{"start":{"line":27,"column":20},"end":{"line":27,"column":33}},"10":{"start":{"line":29,"column":16},"end":{"line":29,"column":43}},"11":{"start":{"line":35,"column":27},"end":{"line":35,"column":83}},"12":{"start":{"line":36,"column":16},"end":{"line":42,"column":19}},"13":{"start":{"line":47,"column":0},"end":{"line":47,"column":29}}},"fnMap":{"0":{"name":"(anonymous_0)","decl":{"start":{"line":8,"column":22},"end":{"line":8,"column":27}},"loc":{"start":{"line":12,"column":4},"end":{"line":45,"column":1}}},"1":{"name":"(anonymous_1)","decl":{"start":{"line":20,"column":20},"end":{"line":20,"column":21}},"loc":{"start":{"line":20,"column":47},"end":{"line":30,"column":13}}},"2":{"name":"(anonymous_2)","decl":{"start":{"line":31,"column":17},"end":{"line":31,"column":22}},"loc":{"start":{"line":31,"column":40},"end":{"line":43,"column":13}}}},"branchMap":{"0":{"loc":{"start":{"line":21,"column":16},"end":{"line":23,"column":null}},"type":"if","locations":[{"start":{"line":21,"column":16},"end":{"line":23,"column":null}}]},"1":{"loc":{"start":{"line":25,"column":16},"end":{"line":28,"column":null}},"type":"if","locations":[{"start":{"line":25,"column":16},"end":{"line":28,"column":null}}]},"2":{"loc":{"start":{"line":35,"column":27},"end":{"line":35,"column":83}},"type":"cond-expr","locations":[{"start":{"line":35,"column":49},"end":{"line":35,"column":65}},{"start":{"line":35,"column":68},"end":{"line":35,"column":83}}]}},"s":{"0":1,"1":3,"2":3,"3":3,"4":4,"5":1,"6":3,"7":3,"8":0,"9":0,"10":3,"11":1,"12":1,"13":1},"f":{"0":3,"1":4,"2":1},"b":{"0":[1],"1":[0],"2":[1,0]}}
,"/home/ubuntu/alam/fhir-works-on-aws-deployment/src/subscriptions/restHookLambda/allowListUtil.ts": {"path":"/home/ubuntu/alam/fhir-works-on-aws-deployment/src/subscriptions/restHookLambda/allowListUtil.ts","statementMap":{"0":{"start":{"line":2,"column":0},"end":{"line":2,"column":33}},"1":{"start":{"line":3,"column":0},"end":{"line":3,"column":63}},"2":{"start":{"line":5,"column":37},"end":{"line":5,"column":67}},"3":{"start":{"line":12,"column":29},"end":{"line":20,"column":1}},"4":{"start":{"line":13,"column":43},"end":{"line":13,"column":45}},"5":{"start":{"line":14,"column":51},"end":{"line":14,"column":53}},"6":{"start":{"line":15,"column":4},"end":{"line":18,"column":7}},"7":{"start":{"line":16,"column":8},"end":{"line":16,"column":47}},"8":{"start":{"line":17,"column":8},"end":{"line":17,"column":83}},"9":{"start":{"line":19,"column":4},"end":{"line":19,"column":36}},"10":{"start":{"line":27,"column":30},"end":{"line":27,"column":73}},"11":{"start":{"line":28,"column":4},"end":{"line":30,"column":null}},"12":{"start":{"line":29,"column":8},"end":{"line":29,"column":91}},"13":{"start":{"line":31,"column":60},"end":{"line":31,"column":62}},"14":{"start":{"line":32,"column":78},"end":{"line":34,"column":null}},"15":{"start":{"line":34,"column":49},"end":{"line":34,"column":71}},"16":{"start":{"line":36,"column":4},"end":{"line":38,"column":7}},"17":{"start":{"line":37,"column":8},"end":{"line":37,"column":57}},"18":{"start":{"line":39,"column":4},"end":{"line":39,"column":25}},"19":{"start":{"line":22,"column":0},"end":{"line":22,"column":7}},"20":{"start":{"line":51,"column":35},"end":{"line":82,"column":1}},"21":{"start":{"line":56,"column":23},"end":{"line":70,"column":5}},"22":{"start":{"line":57,"column":8},"end":{"line":68,"column":null}},"23":{"start":{"line":58,"column":45},"end":{"line":58,"column":58}},"24":{"start":{"line":60,"column":12},"end":{"line":67,"column":null}},"25":{"start":{"line":61,"column":16},"end":{"line":63,"column":null}},"26":{"start":{"line":62,"column":20},"end":{"line":62,"column":65}},"27":{"start":{"line":64,"column":16},"end":{"line":66,"column":null}},"28":{"start":{"line":65,"column":20},"end":{"line":65,"column":54}},"29":{"start":{"line":69,"column":8},"end":{"line":69,"column":69}},"30":{"start":{"line":72,"column":4},"end":{"line":77,"column":null}},"31":{"start":{"line":73,"column":8},"end":{"line":75,"column":null}},"32":{"start":{"line":74,"column":12},"end":{"line":74,"column":58}},"33":{"start":{"line":76,"column":8},"end":{"line":76,"column":113}},"34":{"start":{"line":78,"column":4},"end":{"line":80,"column":null}},"35":{"start":{"line":79,"column":8},"end":{"line":79,"column":74}},"36":{"start":{"line":81,"column":4},"end":{"line":81,"column":105}},"37":{"start":{"line":51,"column":13},"end":{"line":51,"column":35}}},"fnMap":{"0":{"name":"(anonymous_1)","decl":{"start":{"line":12,"column":29},"end":{"line":12,"column":30}},"loc":{"start":{"line":12,"column":94},"end":{"line":20,"column":1}}},"1":{"name":"(anonymous_2)","decl":{"start":{"line":15,"column":34},"end":{"line":15,"column":35}},"loc":{"start":{"line":15,"column":74},"end":{"line":18,"column":5}}},"2":{"name":"getAllowListInfo","decl":{"start":{"line":22,"column":22},"end":{"line":22,"column":38}},"loc":{"start":{"line":26,"column":1},"end":{"line":40,"column":1}}},"3":{"name":"(anonymous_4)","decl":{"start":{"line":34,"column":8},"end":{"line":34,"column":9}},"loc":{"start":{"line":34,"column":49},"end":{"line":34,"column":71}}},"4":{"name":"(anonymous_5)","decl":{"start":{"line":36,"column":51},"end":{"line":36,"column":52}},"loc":{"start":{"line":36,"column":68},"end":{"line":38,"column":5}}},"5":{"name":"(anonymous_6)","decl":{"start":{"line":51,"column":35},"end":{"line":51,"column":null}},"loc":{"start":{"line":55,"column":14},"end":{"line":82,"column":1}}},"6":{"name":"(anonymous_7)","decl":{"start":{"line":56,"column":23},"end":{"line":56,"column":24}},"loc":{"start":{"line":56,"column":66},"end":{"line":70,"column":5}}}},"branchMap":{"0":{"loc":{"start":{"line":17,"column":55},"end":{"line":17,"column":82}},"type":"binary-expr","locations":[{"start":{"line":17,"column":55},"end":{"line":17,"column":76}},{"start":{"line":17,"column":80},"end":{"line":17,"column":82}}]},"1":{"loc":{"start":{"line":23,"column":4},"end":{"line":23,"column":30}},"type":"default-arg","locations":[{"start":{"line":23,"column":25},"end":{"line":23,"column":30}}]},"2":{"loc":{"start":{"line":28,"column":4},"end":{"line":30,"column":null}},"type":"if","locations":[{"start":{"line":28,"column":4},"end":{"line":30,"column":null}}]},"3":{"loc":{"start":{"line":54,"column":6},"end":{"line":54,"column":32}},"type":"default-arg","locations":[{"start":{"line":54,"column":27},"end":{"line":54,"column":32}}]},"4":{"loc":{"start":{"line":57,"column":8},"end":{"line":68,"column":null}},"type":"if","locations":[{"start":{"line":57,"column":8},"end":{"line":68,"column":null}}]},"5":{"loc":{"start":{"line":61,"column":16},"end":{"line":63,"column":null}},"type":"if","locations":[{"start":{"line":61,"column":16},"end":{"line":63,"column":null}}]},"6":{"loc":{"start":{"line":61,"column":20},"end":{"line":61,"column":87}},"type":"binary-expr","locations":[{"start":{"line":61,"column":20},"end":{"line":61,"column":53}},{"start":{"line":61,"column":57},"end":{"line":61,"column":87}}]},"7":{"loc":{"start":{"line":64,"column":16},"end":{"line":66,"column":null}},"type":"if","locations":[{"start":{"line":64,"column":16},"end":{"line":66,"column":null}}]},"8":{"loc":{"start":{"line":72,"column":4},"end":{"line":77,"column":null}},"type":"if","locations":[{"start":{"line":72,"column":4},"end":{"line":77,"column":null}}]},"9":{"loc":{"start":{"line":73,"column":8},"end":{"line":75,"column":null}},"type":"if","locations":[{"start":{"line":73,"column":8},"end":{"line":75,"column":null}}]},"10":{"loc":{"start":{"line":78,"column":4},"end":{"line":80,"column":null}},"type":"if","locations":[{"start":{"line":78,"column":4},"end":{"line":80,"column":null}}]}},"s":{"0":2,"1":2,"2":2,"3":2,"4":3,"5":3,"6":3,"7":4,"8":4,"9":3,"10":2,"11":2,"12":1,"13":1,"14":1,"15":2,"16":1,"17":2,"18":1,"19":2,"20":2,"21":12,"22":10,"23":9,"24":9,"25":13,"26":5,"27":8,"28":2,"29":3,"30":12,"31":6,"32":5,"33":1,"34":6,"35":5,"36":1,"37":2},"f":{"0":3,"1":4,"2":2,"3":2,"4":2,"5":12,"6":10},"b":{"0":[4,0],"1":[0],"2":[1],"3":[0],"4":[9],"5":[5],"6":[13,6],"7":[2],"8":[6],"9":[5],"10":[5]}}
,"/home/ubuntu/alam/fhir-works-on-aws-deployment/src/subscriptions/restHookLambda/restHook.ts": {"path":"/home/ubuntu/alam/fhir-works-on-aws-deployment/src/subscriptions/restHookLambda/restHook.ts","statementMap":{"0":{"start":{"line":1,"column":0},"end":{"line":1,"column":26}},"1":{"start":{"line":2,"column":0},"end":{"line":2,"column":57}},"2":{"start":{"line":5,"column":0},"end":{"line":5,"column":57}},"3":{"start":{"line":6,"column":0},"end":{"line":6,"column":26}},"4":{"start":{"line":7,"column":0},"end":{"line":7,"column":31}},"5":{"start":{"line":8,"column":0},"end":{"line":8,"column":69}},"6":{"start":{"line":10,"column":15},"end":{"line":10,"column":57}},"7":{"start":{"line":12,"column":19},"end":{"line":15,"column":2}},"8":{"start":{"line":17,"column":24},"end":{"line":17,"column":29}},"9":{"start":{"line":18,"column":46},"end":{"line":18,"column":48}},"10":{"start":{"line":20,"column":0},"end":{"line":20,"column":39}},"11":{"start":{"line":21,"column":0},"end":{"line":21,"column":41}},"12":{"start":{"line":30,"column":28},"end":{"line":41,"column":1}},"13":{"start":{"line":31,"column":30},"end":{"line":31,"column":32}},"14":{"start":{"line":32,"column":24},"end":{"line":36,"column":5}},"15":{"start":{"line":33,"column":27},"end":{"line":33,"column":91}},"16":{"start":{"line":34,"column":26},"end":{"line":34,"column":57}},"17":{"start":{"line":35,"column":8},"end":{"line":35,"column":67}},"18":{"start":{"line":38,"column":4},"end":{"line":38,"column":61}},"19":{"start":{"line":38,"column":40},"end":{"line":38,"column":59}},"20":{"start":{"line":39,"column":4},"end":{"line":39,"column":59}},"21":{"start":{"line":39,"column":38},"end":{"line":39,"column":57}},"22":{"start":{"line":40,"column":4},"end":{"line":40,"column":24}},"23":{"start":{"line":47,"column":25},"end":{"line":56,"column":2}},"24":{"start":{"line":47,"column":50},"end":{"line":56,"column":1}},"25":{"start":{"line":48,"column":24},"end":{"line":48,"column":44}},"26":{"start":{"line":49,"column":4},"end":{"line":55,"column":7}},"27":{"start":{"line":50,"column":8},"end":{"line":54,"column":10}},"28":{"start":{"line":62,"column":8},"end":{"line":62,"column":53}},"29":{"start":{"line":69,"column":8},"end":{"line":69,"column":39}},"30":{"start":{"line":70,"column":26},"end":{"line":70,"column":48}},"31":{"start":{"line":71,"column":8},"end":{"line":71,"column":32}},"32":{"start":{"line":72,"column":25},"end":{"line":75,"column":10}},"33":{"start":{"line":73,"column":25},"end":{"line":73,"column":48}},"34":{"start":{"line":74,"column":12},"end":{"line":74,"column":44}},"35":{"start":{"line":77,"column":8},"end":{"line":77,"column":41}},"36":{"start":{"line":78,"column":39},"end":{"line":92,"column":10}},"37":{"start":{"line":78,"column":91},"end":{"line":92,"column":9}},"38":{"start":{"line":79,"column":91},"end":{"line":79,"column":98}},"39":{"start":{"line":81,"column":37},"end":{"line":84,"column":14}},"40":{"start":{"line":85,"column":28},"end":{"line":85,"column":80}},"41":{"start":{"line":86,"column":12},"end":{"line":90,"column":null}},"42":{"start":{"line":87,"column":16},"end":{"line":89,"column":19}},"43":{"start":{"line":91,"column":12},"end":{"line":91,"column":59}},"44":{"start":{"line":94,"column":24},"end":{"line":94,"column":117}},"45":{"start":{"line":96,"column":25},"end":{"line":102,"column":10}},"46":{"start":{"line":97,"column":12},"end":{"line":100,"column":null}},"47":{"start":{"line":98,"column":16},"end":{"line":98,"column":52}},"48":{"start":{"line":99,"column":16},"end":{"line":99,"column":72}},"49":{"start":{"line":101,"column":12},"end":{"line":101,"column":22}},"50":{"start":{"line":104,"column":8},"end":{"line":104,"column":79}},"51":{"start":{"line":105,"column":8},"end":{"line":105,"column":64}},"52":{"start":{"line":107,"column":8},"end":{"line":109,"column":10}},"53":{"start":{"line":58,"column":0},"end":{"line":58,"column":21}}},"fnMap":{"0":{"name":"(anonymous_1)","decl":{"start":{"line":30,"column":28},"end":{"line":30,"column":29}},"loc":{"start":{"line":30,"column":88},"end":{"line":41,"column":1}}},"1":{"name":"(anonymous_2)","decl":{"start":{"line":32,"column":24},"end":{"line":32,"column":25}},"loc":{"start":{"line":32,"column":43},"end":{"line":36,"column":5}}},"2":{"name":"(anonymous_3)","decl":{"start":{"line":38,"column":28},"end":{"line":38,"column":29}},"loc":{"start":{"line":38,"column":40},"end":{"line":38,"column":59}}},"3":{"name":"(anonymous_4)","decl":{"start":{"line":39,"column":26},"end":{"line":39,"column":27}},"loc":{"start":{"line":39,"column":38},"end":{"line":39,"column":57}}},"4":{"name":"(anonymous_5)","decl":{"start":{"line":47,"column":37},"end":{"line":47,"column":38}},"loc":{"start":{"line":47,"column":50},"end":{"line":56,"column":1}}},"5":{"name":"(anonymous_6)","decl":{"start":{"line":47,"column":50},"end":{"line":47,"column":55}},"loc":{"start":{"line":47,"column":112},"end":{"line":56,"column":1}}},"6":{"name":"(anonymous_7)","decl":{"start":{"line":49,"column":21},"end":{"line":49,"column":22}},"loc":{"start":{"line":49,"column":59},"end":{"line":55,"column":5}}},"7":{"name":"(anonymous_8)","decl":{"start":{"line":61,"column":4},"end":{"line":61,"column":16}},"loc":{"start":{"line":61,"column":79},"end":{"line":63,"column":5}}},"8":{"name":"(anonymous_9)","decl":{"start":{"line":65,"column":4},"end":{"line":65,"column":9}},"loc":{"start":{"line":67,"column":67},"end":{"line":110,"column":5}}},"9":{"name":"(anonymous_10)","decl":{"start":{"line":72,"column":43},"end":{"line":72,"column":44}},"loc":{"start":{"line":72,"column":85},"end":{"line":75,"column":9}}},"10":{"name":"(anonymous_11)","decl":{"start":{"line":78,"column":52},"end":{"line":78,"column":53}},"loc":{"start":{"line":78,"column":91},"end":{"line":92,"column":9}}},"11":{"name":"(anonymous_12)","decl":{"start":{"line":78,"column":91},"end":{"line":78,"column":94}},"loc":{"start":{"line":78,"column":96},"end":{"line":92,"column":9}}},"12":{"name":"(anonymous_13)","decl":{"start":{"line":96,"column":41},"end":{"line":96,"column":42}},"loc":{"start":{"line":96,"column":63},"end":{"line":102,"column":9}}}},"branchMap":{"0":{"loc":{"start":{"line":33,"column":27},"end":{"line":33,"column":91}},"type":"cond-expr","locations":[{"start":{"line":33,"column":56},"end":{"line":33,"column":69}},{"start":{"line":33,"column":72},"end":{"line":33,"column":91}}]},"1":{"loc":{"start":{"line":61,"column":18},"end":{"line":61,"column":44}},"type":"default-arg","locations":[{"start":{"line":61,"column":39},"end":{"line":61,"column":44}}]},"2":{"loc":{"start":{"line":86,"column":12},"end":{"line":90,"column":null}},"type":"if","locations":[{"start":{"line":86,"column":12},"end":{"line":90,"column":null}}]},"3":{"loc":{"start":{"line":97,"column":12},"end":{"line":100,"column":null}},"type":"if","locations":[{"start":{"line":97,"column":12},"end":{"line":100,"column":null}}]}},"s":{"0":2,"1":2,"2":2,"3":2,"4":2,"5":2,"6":2,"7":2,"8":2,"9":2,"10":2,"11":2,"12":2,"13":7,"14":7,"15":14,"16":14,"17":14,"18":7,"19":7,"20":7,"21":7,"22":7,"23":2,"24":12,"25":12,"26":12,"27":12,"28":2,"29":12,"30":12,"31":12,"32":12,"33":12,"34":12,"35":12,"36":12,"37":12,"38":12,"39":12,"40":7,"41":7,"42":5,"43":2,"44":12,"45":12,"46":12,"47":5,"48":5,"49":7,"50":12,"51":12,"52":12,"53":2},"f":{"0":7,"1":14,"2":7,"3":7,"4":12,"5":12,"6":12,"7":2,"8":12,"9":12,"10":12,"11":12,"12":12},"b":{"0":[1,13],"1":[0],"2":[5],"3":[5]}}
}
