TN:
SF:src/implementationGuides/IGCompiler.ts
FN:16,loadJson
FN:20,storeJson
FN:24,listIgDirs
FN:26,(anonymous_4)
FN:33,(anonymous_5)
FN:61,(anonymous_6)
FN:71,(anonymous_7)
FN:98,(anonymous_8)
FN:120,(anonymous_9)
FN:127,(anonymous_10)
FN:153,(anonymous_11)
FN:169,(anonymous_12)
FN:179,(anonymous_13)
FNF:13
FNH:13
FNDA:33,loadJson
FNDA:57,storeJson
FNDA:3,listIgDirs
FNDA:11,(anonymous_4)
FNDA:11,(anonymous_5)
FNDA:3,(anonymous_6)
FNDA:8,(anonymous_7)
FNDA:3,(anonymous_8)
FNDA:27,(anonymous_9)
FNDA:11,(anonymous_10)
FNDA:3,(anonymous_11)
FNDA:3,(anonymous_12)
FNDA:14,(anonymous_13)
DA:1,1
DA:2,1
DA:3,1
DA:10,1
DA:11,1
DA:12,1
DA:14,1
DA:16,1
DA:17,33
DA:20,1
DA:21,57
DA:25,3
DA:27,11
DA:34,11
DA:54,1
DA:66,3
DA:67,3
DA:68,3
DA:75,8
DA:76,8
DA:77,0
DA:79,8
DA:80,8
DA:81,8
DA:82,32
DA:83,12
DA:84,12
DA:85,12
DA:88,8
DA:99,3
DA:100,0
DA:102,3
DA:103,3
DA:105,1
DA:106,1
DA:107,1
DA:108,4
DA:109,4
DA:113,1
DA:114,1
DA:116,1
DA:117,1
DA:121,27
DA:122,9
DA:124,18
DA:128,11
DA:129,11
DA:130,0
DA:132,11
DA:133,11
DA:134,11
DA:135,11
DA:143,11
DA:144,11
DA:145,11
DA:146,16
DA:147,16
DA:150,11
DA:154,3
DA:155,3
DA:156,11
DA:157,11
DA:158,11
DA:159,1
DA:163,10
DA:166,3
DA:170,3
DA:171,3
DA:172,10
DA:174,3
DA:175,6
DA:180,14
DA:181,14
DA:182,14
DA:183,1
DA:185,13
DA:186,19
DA:187,1
DA:189,18
DA:190,8
DA:191,8
DA:192,4
LF:82
LH:79
BRDA:28,0,0,11
BRDA:28,0,1,0
BRDA:28,0,2,0
BRDA:76,1,0,0
BRDA:82,2,0,12
BRDA:99,3,0,0
BRDA:121,4,0,9
BRDA:129,5,0,0
BRDA:144,6,0,11
BRDA:158,7,0,1
BRDA:158,7,1,10
BRDA:182,8,0,1
BRDA:186,9,0,1
BRDA:189,10,0,8
BRF:14
BRH:9
end_of_record
TN:
SF:src/subscriptions/reaperLambda/subscriptionReaper.ts
FN:8,(anonymous_0)
FN:20,(anonymous_1)
FN:31,(anonymous_2)
FNF:3
FNH:3
FNDA:3,(anonymous_0)
FNDA:4,(anonymous_1)
FNDA:1,(anonymous_2)
DA:8,1
DA:13,3
DA:14,3
DA:18,3
DA:21,4
DA:22,1
DA:24,3
DA:25,3
DA:26,0
DA:27,0
DA:29,3
DA:35,1
DA:36,1
DA:47,1
LF:14
LH:12
BRDA:21,0,0,1
BRDA:25,1,0,0
BRDA:35,2,0,1
BRDA:35,2,1,0
BRF:4
BRH:2
end_of_record
TN:
SF:src/subscriptions/restHookLambda/allowListUtil.ts
FN:12,(anonymous_1)
FN:15,(anonymous_2)
FN:22,getAllowListInfo
FN:34,(anonymous_4)
FN:36,(anonymous_5)
FN:51,(anonymous_6)
FN:56,(anonymous_7)
FNF:7
FNH:7
FNDA:3,(anonymous_1)
FNDA:4,(anonymous_2)
FNDA:2,getAllowListInfo
FNDA:2,(anonymous_4)
FNDA:2,(anonymous_5)
FNDA:12,(anonymous_6)
FNDA:10,(anonymous_7)
DA:2,2
DA:3,2
DA:5,2
DA:12,2
DA:13,3
DA:14,3
DA:15,3
DA:16,4
DA:17,4
DA:19,3
DA:22,2
DA:27,2
DA:28,2
DA:29,1
DA:31,1
DA:32,1
DA:34,2
DA:36,1
DA:37,2
DA:39,1
DA:51,2
DA:56,12
DA:57,10
DA:58,9
DA:60,9
DA:61,13
DA:62,5
DA:64,8
DA:65,2
DA:69,3
DA:72,12
DA:73,6
DA:74,5
DA:76,1
DA:78,6
DA:79,5
DA:81,1
LF:37
LH:37
BRDA:17,0,0,4
BRDA:17,0,1,0
BRDA:23,1,0,0
BRDA:28,2,0,1
BRDA:54,3,0,0
BRDA:57,4,0,9
BRDA:61,5,0,5
BRDA:61,6,0,13
BRDA:61,6,1,6
BRDA:64,7,0,2
BRDA:72,8,0,6
BRDA:73,9,0,5
BRDA:78,10,0,5
BRF:13
BRH:10
end_of_record
TN:
SF:src/subscriptions/restHookLambda/restHook.ts
FN:30,(anonymous_1)
FN:32,(anonymous_2)
FN:38,(anonymous_3)
FN:39,(anonymous_4)
FN:47,(anonymous_5)
FN:47,(anonymous_6)
FN:49,(anonymous_7)
FN:61,(anonymous_8)
FN:65,(anonymous_9)
FN:72,(anonymous_10)
FN:78,(anonymous_11)
FN:78,(anonymous_12)
FN:96,(anonymous_13)
FNF:13
FNH:13
FNDA:7,(anonymous_1)
FNDA:14,(anonymous_2)
FNDA:7,(anonymous_3)
FNDA:7,(anonymous_4)
FNDA:12,(anonymous_5)
FNDA:12,(anonymous_6)
FNDA:12,(anonymous_7)
FNDA:2,(anonymous_8)
FNDA:12,(anonymous_9)
FNDA:12,(anonymous_10)
FNDA:12,(anonymous_11)
FNDA:12,(anonymous_12)
FNDA:12,(anonymous_13)
DA:1,2
DA:2,2
DA:5,2
DA:6,2
DA:7,2
DA:8,2
DA:10,2
DA:12,2
DA:17,2
DA:18,2
DA:20,2
DA:21,2
DA:30,2
DA:31,7
DA:32,7
DA:33,14
DA:34,14
DA:35,14
DA:38,7
DA:39,7
DA:40,7
DA:47,12
DA:48,12
DA:49,12
DA:50,12
DA:58,2
DA:62,2
DA:69,12
DA:70,12
DA:71,12
DA:72,12
DA:73,12
DA:74,12
DA:77,12
DA:78,12
DA:79,12
DA:81,12
DA:85,7
DA:86,7
DA:87,5
DA:91,2
DA:94,12
DA:96,12
DA:97,12
DA:98,5
DA:99,5
DA:101,7
DA:104,12
DA:105,12
DA:107,12
LF:50
LH:50
BRDA:33,0,0,1
BRDA:33,0,1,13
BRDA:61,1,0,0
BRDA:86,2,0,5
BRDA:97,3,0,5
BRF:5
BRH:4
end_of_record
